{
  "0 debug pnpm:scope": {
    "selected": 1,
    "workspacePrefix": "D:\\test\\smart-ui-vite"
  },
  "1 error pnpm": {
    "errno": 1,
    "code": "ELIFECYCLE",
    "pkgid": "hippo-ui@1.0.0",
    "stage": "build",
    "script": "vite build",
    "pkgname": "hippo-ui",
    "err": {
      "name": "pnpm",
      "message": "hippo-ui@1.0.0 build: `vite build`\nExit status 1",
      "code": "ELIFECYCLE",
      "stack": "pnpm: hippo-ui@1.0.0 build: `vite build`\nExit status 1\n    at EventEmitter.<anonymous> (C:\\Users\\L\\AppData\\Roaming\\npm\\node_modules\\pnpm\\dist\\pnpm.cjs:108415:20)\n    at EventEmitter.emit (node:events:520:28)\n    at ChildProcess.<anonymous> (C:\\Users\\L\\AppData\\Roaming\\npm\\node_modules\\pnpm\\dist\\pnpm.cjs:94981:18)\n    at ChildProcess.emit (node:events:520:28)\n    at maybeClose (node:internal/child_process:1092:16)\n    at Process.ChildProcess._handle.onexit (node:internal/child_process:302:5)"
    }
  },
  "2 warn pnpm:global": " Local package.json exists, but node_modules missing, did you mean to install?"
}